INFO : DB_OPERATIONS.Database_operations : 2020-08-15 21:39:38,942 :  Instance of DB_operation created params: Training_batches/Good_data , Train, Combined_training_data/Input_file.csv
INFO : DB_OPERATIONS.Database_operations : 2020-08-15 21:39:39,083 :  FB_post_status databse exists!! connection created
INFO : DB_OPERATIONS.Database_operations : 2020-08-15 21:40:45,307 :  Table 'Train' Created Successfully
INFO : DB_OPERATIONS.Database_operations : 2020-08-15 21:41:48,843 :  Data inserted to table 'Train' Successfully
INFO : DB_OPERATIONS.Database_operations : 2020-08-15 21:42:09,072 :  Exported csv file to Combined_training_data/Input_file.csv
INFO : DB_OPERATIONS.Database_operations : 2020-08-15 21:42:09,273 :  Closed db connection 
INFO : DB_OPERATIONS.Database_operations : 2020-08-15 21:42:09,274 :  DB OPS COMPLETED
INFO : DB_OPERATIONS.Database_operations : 2020-08-15 21:45:18,314 :  Instance of DB_operation created params: Training_batches/Good_data , Train, Combined_training_data/Input_file.csv
INFO : DB_OPERATIONS.Database_operations : 2020-08-15 21:45:18,540 :  FB_post_status databse exists!! connection created
INFO : DB_OPERATIONS.Database_operations : 2020-08-15 21:46:15,579 :  Table 'Train' Created Successfully
INFO : DB_OPERATIONS.Database_operations : 2020-08-15 21:47:14,670 :  Data inserted to table 'Train' Successfully
INFO : DB_OPERATIONS.Database_operations : 2020-08-15 21:47:36,253 :  Exported csv file to Combined_training_data/Input_file.csv
INFO : DB_OPERATIONS.Database_operations : 2020-08-15 21:47:36,427 :  Closed db connection 
INFO : DB_OPERATIONS.Database_operations : 2020-08-15 21:47:36,428 :  DB OPS COMPLETED
INFO : DB_OPERATIONS.Database_operations : 2020-08-15 21:50:25,754 :  Instance of DB_operation created params: Training_batches/Good_data , Train, Combined_training_data/Input_file.csv
INFO : DB_OPERATIONS.Database_operations : 2020-08-15 21:50:25,851 :  FB_post_status databse exists!! connection created
INFO : DB_OPERATIONS.Database_operations : 2020-08-15 21:51:25,052 :  Table 'Train' Created Successfully
INFO : DB_OPERATIONS.Database_operations : 2020-08-15 21:52:14,898 :  Data inserted to table 'Train' Successfully
INFO : DB_OPERATIONS.Database_operations : 2020-08-15 21:52:35,765 :  Exported csv file to Combined_training_data/Input_file.csv
INFO : DB_OPERATIONS.Database_operations : 2020-08-15 21:52:35,844 :  Closed db connection 
INFO : DB_OPERATIONS.Database_operations : 2020-08-15 21:52:35,845 :  DB OPS COMPLETED
INFO : DB_OPERATIONS.Database_operations : 2020-08-15 21:57:41,338 :  Instance of DB_operation created params: Prediction_batches/Good_data , Prediction_1, Combined_prediction_data/Input_file.csv
INFO : DB_OPERATIONS.Database_operations : 2020-08-15 21:57:41,526 :  FB_train databse exists!! connection created
INFO : DB_OPERATIONS.Database_operations : 2020-08-15 21:58:47,620 :  Table 'Prediction_1' Created Successfully
INFO : DB_OPERATIONS.Database_operations : 2020-08-15 21:58:48,425 :  Data inserted to table 'Prediction_1' Successfully
INFO : DB_OPERATIONS.Database_operations : 2020-08-15 21:58:48,536 :  Exported csv file to Combined_prediction_data/Input_file.csv
INFO : DB_OPERATIONS.Database_operations : 2020-08-15 21:58:48,542 :  Closed db connection 
INFO : DB_OPERATIONS.Database_operations : 2020-08-15 21:58:48,543 :  DB OPS COMPLETED
INFO : DB_OPERATIONS.Database_operations : 2020-08-15 22:06:23,345 :  Instance of DB_operation created params: Prediction_batches/Good_data , Prediction_1, Combined_prediction_data/Input_file.csv
INFO : DB_OPERATIONS.Database_operations : 2020-08-15 22:06:23,793 :  FB_train databse exists!! connection created
INFO : DB_OPERATIONS.Database_operations : 2020-08-15 22:07:13,143 :  Table 'Prediction_1' Created Successfully
INFO : DB_OPERATIONS.Database_operations : 2020-08-15 22:07:13,646 :  Data inserted to table 'Prediction_1' Successfully
INFO : DB_OPERATIONS.Database_operations : 2020-08-15 22:07:13,759 :  Exported csv file to Combined_prediction_data/Input_file.csv
INFO : DB_OPERATIONS.Database_operations : 2020-08-15 22:07:13,771 :  Closed db connection 
INFO : DB_OPERATIONS.Database_operations : 2020-08-15 22:07:13,773 :  DB OPS COMPLETED
INFO : DB_OPERATIONS.Database_operations : 2020-08-15 22:14:22,977 :  Instance of DB_operation created params: Prediction_batches/Good_data , Prediction_1, Combined_prediction_data/Input_file.csv
INFO : DB_OPERATIONS.Database_operations : 2020-08-15 22:14:23,201 :  FB_train databse exists!! connection created
INFO : DB_OPERATIONS.Database_operations : 2020-08-15 22:15:32,735 :  Table 'Prediction_1' Created Successfully
INFO : DB_OPERATIONS.Database_operations : 2020-08-15 22:15:33,647 :  Data inserted to table 'Prediction_1' Successfully
INFO : DB_OPERATIONS.Database_operations : 2020-08-15 22:15:33,925 :  Exported csv file to Combined_prediction_data/Input_file.csv
INFO : DB_OPERATIONS.Database_operations : 2020-08-15 22:15:33,979 :  Closed db connection 
INFO : DB_OPERATIONS.Database_operations : 2020-08-15 22:15:33,979 :  DB OPS COMPLETED
INFO : DB_OPERATIONS.Database_operations : 2020-08-15 22:16:31,127 :  Instance of DB_operation created params: Prediction_batches/Good_data , Prediction_1, Combined_prediction_data/Input_file.csv
INFO : DB_OPERATIONS.Database_operations : 2020-08-15 22:16:31,221 :  FB_train databse exists!! connection created
INFO : DB_OPERATIONS.Database_operations : 2020-08-15 22:18:01,150 :  Table 'Prediction_1' Created Successfully
INFO : DB_OPERATIONS.Database_operations : 2020-08-15 22:18:01,574 :  Data inserted to table 'Prediction_1' Successfully
INFO : DB_OPERATIONS.Database_operations : 2020-08-15 22:18:01,653 :  Exported csv file to Combined_prediction_data/Input_file.csv
INFO : DB_OPERATIONS.Database_operations : 2020-08-15 22:18:01,658 :  Closed db connection 
INFO : DB_OPERATIONS.Database_operations : 2020-08-15 22:18:01,658 :  DB OPS COMPLETED
